Using pre-set license
Built from '2022.3/staging' branch; Version is '2022.3.27f1 (73effa14754f) revision 7598074'; Using compiler version '192829333'; Build Type 'Release'
OS: 'Windows 10  (10.0.19045) 64bit Core' Language: 'en' Physical Memory: 16305 MB
BatchMode: 1, IsHumanControllingUs: 0, StartBugReporterOnCrash: 0, Is64bit: 1, IsPro: 1

COMMAND LINE ARGUMENTS:
C:\Program Files\Unity\Hub\Editor\2022.3.27f1\Editor\Unity.exe
-adb2
-batchMode
-noUpm
-name
AssetImportWorker4
-projectPath
C:/Users/Cole/Documents/Unity/Roguelike/Roguelike
-logFile
Logs/AssetImportWorker4.log
-srvPort
50125
Successfully changed project path to: C:/Users/Cole/Documents/Unity/Roguelike/Roguelike
C:/Users/Cole/Documents/Unity/Roguelike/Roguelike
[UnityMemory] Configuration Parameters - Can be set up in boot.config
    "memorysetup-bucket-allocator-granularity=16"
    "memorysetup-bucket-allocator-bucket-count=8"
    "memorysetup-bucket-allocator-block-size=33554432"
    "memorysetup-bucket-allocator-block-count=8"
    "memorysetup-main-allocator-block-size=16777216"
    "memorysetup-thread-allocator-block-size=16777216"
    "memorysetup-gfx-main-allocator-block-size=16777216"
    "memorysetup-gfx-thread-allocator-block-size=16777216"
    "memorysetup-cache-allocator-block-size=4194304"
    "memorysetup-typetree-allocator-block-size=2097152"
    "memorysetup-profiler-bucket-allocator-granularity=16"
    "memorysetup-profiler-bucket-allocator-bucket-count=8"
    "memorysetup-profiler-bucket-allocator-block-size=33554432"
    "memorysetup-profiler-bucket-allocator-block-count=8"
    "memorysetup-profiler-allocator-block-size=16777216"
    "memorysetup-profiler-editor-allocator-block-size=1048576"
    "memorysetup-temp-allocator-size-main=16777216"
    "memorysetup-job-temp-allocator-block-size=2097152"
    "memorysetup-job-temp-allocator-block-size-background=1048576"
    "memorysetup-job-temp-allocator-reduction-small-platforms=262144"
    "memorysetup-allocator-temp-initial-block-size-main=262144"
    "memorysetup-allocator-temp-initial-block-size-worker=262144"
    "memorysetup-temp-allocator-size-background-worker=32768"
    "memorysetup-temp-allocator-size-job-worker=262144"
    "memorysetup-temp-allocator-size-preload-manager=33554432"
    "memorysetup-temp-allocator-size-nav-mesh-worker=65536"
    "memorysetup-temp-allocator-size-audio-worker=65536"
    "memorysetup-temp-allocator-size-cloud-worker=32768"
    "memorysetup-temp-allocator-size-gi-baking-worker=262144"
    "memorysetup-temp-allocator-size-gfx=262144"
Player connection [2152] Host "[IP] 192.168.1.74 [Port] 0 [Flags] 2 [Guid] 1079260594 [EditorId] 1079260594 [Version] 1048832 [Id] WindowsEditor(7,DESKTOP-PG0S2J2) [Debug] 1 [PackageName] WindowsEditor [ProjectName] Editor" joined multi-casting on [225.0.0.222:54997]...

Player connection [2152] Host "[IP] 192.168.1.74 [Port] 0 [Flags] 2 [Guid] 1079260594 [EditorId] 1079260594 [Version] 1048832 [Id] WindowsEditor(7,DESKTOP-PG0S2J2) [Debug] 1 [PackageName] WindowsEditor [ProjectName] Editor" joined alternative multi-casting on [225.0.0.222:34997]...

[Physics::Module] Initialized MultithreadedJobDispatcher with 11 workers.
Refreshing native plugins compatible for Editor in 11.49 ms, found 4 plugins.
Preloading 0 native plugins for Editor in 0.00 ms.
Initialize engine version: 2022.3.27f1 (73effa14754f)
[Subsystems] Discovering subsystems at path C:/Program Files/Unity/Hub/Editor/2022.3.27f1/Editor/Data/Resources/UnitySubsystems
[Subsystems] Discovering subsystems at path C:/Users/Cole/Documents/Unity/Roguelike/Roguelike/Assets
GfxDevice: creating device client; threaded=0; jobified=0
Direct3D:
    Version:  Direct3D 11.0 [level 11.1]
    Renderer: NVIDIA GeForce RTX 3070 (ID=0x2484)
    Vendor:   NVIDIA
    VRAM:     8032 MB
    Driver:   31.0.15.4601
Initialize mono
Mono path[0] = 'C:/Program Files/Unity/Hub/Editor/2022.3.27f1/Editor/Data/Managed'
Mono path[1] = 'C:/Program Files/Unity/Hub/Editor/2022.3.27f1/Editor/Data/MonoBleedingEdge/lib/mono/unityjit-win32'
Mono config path = 'C:/Program Files/Unity/Hub/Editor/2022.3.27f1/Editor/Data/MonoBleedingEdge/etc'
Using monoOptions --debugger-agent=transport=dt_socket,embedding=1,server=y,suspend=n,address=127.0.0.1:56408
Begin MonoManager ReloadAssembly
Registering precompiled unity dll's ...
Register platform support module: C:/Program Files/Unity/Hub/Editor/2022.3.27f1/Editor/Data/PlaybackEngines/WebGLSupport/UnityEditor.WebGL.Extensions.dll
Register platform support module: C:/Program Files/Unity/Hub/Editor/2022.3.27f1/Editor/Data/PlaybackEngines/WindowsStandaloneSupport/UnityEditor.WindowsStandalone.Extensions.dll
Registered in 0.009691 seconds.
- Loaded All Assemblies, in  0.282 seconds
Native extension for WindowsStandalone target not found
Native extension for WebGL target not found
Mono: successfully reloaded assembly
- Finished resetting the current domain, in  0.197 seconds
Domain Reload Profiling: 477ms
	BeginReloadAssembly (98ms)
		ExecutionOrderSort (0ms)
		DisableScriptedObjects (0ms)
		BackupInstance (0ms)
		ReleaseScriptingObjects (0ms)
		CreateAndSetChildDomain (1ms)
	RebuildCommonClasses (26ms)
	RebuildNativeTypeToScriptingClass (8ms)
	initialDomainReloadingComplete (50ms)
	LoadAllAssembliesAndSetupDomain (98ms)
		LoadAssemblies (96ms)
		RebuildTransferFunctionScriptingTraits (0ms)
		AnalyzeDomain (96ms)
			TypeCache.Refresh (95ms)
				TypeCache.ScanAssembly (86ms)
			ScanForSourceGeneratedMonoScriptInfo (0ms)
			ResolveRequiredComponents (0ms)
	FinalizeReload (197ms)
		ReleaseScriptCaches (0ms)
		RebuildScriptCaches (0ms)
		SetupLoadedEditorAssemblies (156ms)
			LogAssemblyErrors (0ms)
			InitializePlatformSupportModulesInManaged (8ms)
			SetLoadedEditorAssemblies (4ms)
			RefreshPlugins (0ms)
			BeforeProcessingInitializeOnLoad (2ms)
			ProcessInitializeOnLoadAttributes (108ms)
			ProcessInitializeOnLoadMethodAttributes (34ms)
			AfterProcessingInitializeOnLoad (0ms)
			EditorAssembliesLoaded (0ms)
		ExecutionOrderSort2 (0ms)
		AwakeInstancesAfterBackupRestoration (0ms)
========================================================================
Worker process is ready to serve import requests
Begin MonoManager ReloadAssembly
- Loaded All Assemblies, in  0.478 seconds
Refreshing native plugins compatible for Editor in 4.35 ms, found 4 plugins.
Native extension for WindowsStandalone target not found
Native extension for WebGL target not found
Package Manager log level set to [2]
[Package Manager] Server::EnsureServerProcessIsRunning -- launch failed, reason: Unity was launched with the -noUpm command-line argument
[Package Manager] UpmClient::Send -- Unable to send message (not connected to UPM process).
[Package Manager] Cannot connect to Unity Package Manager local server
Mono: successfully reloaded assembly
- Finished resetting the current domain, in  0.448 seconds
Domain Reload Profiling: 921ms
	BeginReloadAssembly (112ms)
		ExecutionOrderSort (0ms)
		DisableScriptedObjects (4ms)
		BackupInstance (0ms)
		ReleaseScriptingObjects (0ms)
		CreateAndSetChildDomain (16ms)
	RebuildCommonClasses (23ms)
	RebuildNativeTypeToScriptingClass (7ms)
	initialDomainReloadingComplete (33ms)
	LoadAllAssembliesAndSetupDomain (297ms)
		LoadAssemblies (249ms)
		RebuildTransferFunctionScriptingTraits (0ms)
		AnalyzeDomain (115ms)
			TypeCache.Refresh (96ms)
				TypeCache.ScanAssembly (86ms)
			ScanForSourceGeneratedMonoScriptInfo (14ms)
			ResolveRequiredComponents (4ms)
	FinalizeReload (449ms)
		ReleaseScriptCaches (0ms)
		RebuildScriptCaches (0ms)
		SetupLoadedEditorAssemblies (344ms)
			LogAssemblyErrors (0ms)
			InitializePlatformSupportModulesInManaged (6ms)
			SetLoadedEditorAssemblies (2ms)
			RefreshPlugins (0ms)
			BeforeProcessingInitializeOnLoad (57ms)
			ProcessInitializeOnLoadAttributes (246ms)
			ProcessInitializeOnLoadMethodAttributes (25ms)
			AfterProcessingInitializeOnLoad (7ms)
			EditorAssembliesLoaded (0ms)
		ExecutionOrderSort2 (0ms)
		AwakeInstancesAfterBackupRestoration (5ms)
Launched and connected shader compiler UnityShaderCompiler.exe after 0.03 seconds
Refreshing native plugins compatible for Editor in 4.53 ms, found 4 plugins.
Preloading 0 native plugins for Editor in 0.00 ms.
Unloading 4044 Unused Serialized files (Serialized files now loaded: 0)
Unloading 65 unused Assets / (62.0 KB). Loaded Objects now: 4506.
Memory consumption went from 144.0 MB to 143.9 MB.
Total: 2.693900 ms (FindLiveObjects: 0.210000 ms CreateObjectMapping: 0.090600 ms MarkObjects: 2.289700 ms  DeleteObjects: 0.102700 ms)

AssetImportParameters requested are different than current active one (requested -> active):
  custom:container-demuxer-ogg: 62fdf1f143b41e24485cea50d1cbac27 -> 
  custom:video-decoder-ogg-theora: a1e56fd34408186e4bbccfd4996cb3dc -> 
  custom:framework-win-MediaFoundation: 216162199b28c13a410421893ffa2e32 -> 
  custom:CustomObjectIndexerAttribute: 9a22284fe3817be447336de3de66b15e -> 
  custom:container-demuxer-webm: 4f35f7cbe854078d1ac9338744f61a02 -> 
  custom:container-muxer-webm: aa71ff27fc2769a1b78a27578f13a17b -> 
  custom:video-decoder-webm-vp8: 9c59270c3fd7afecdb556c50c9e8de78 -> 
  custom:SearchIndexIgnoredProperties: e643bd26f0fe6173181afceb89e7c659 -> 
  custom:AudioImporter_EditorPlatform: d09bf68614088b80899f8185d706f6e7 -> 
  custom:video-encoder-webm-vp8: eb34c28f22e8b96e1ab97ce403110664 -> 
  custom:audio-decoder-ogg-vorbis: bf7c407c2cedff20999df2af8eb42d56 -> 
  custom:audio-encoder-webm-vorbis: bf7c407c2cedff20999df2af8eb42d56 -> 
========================================================================
Received Import Request.
  Time since last request: 3808.314102 seconds.
  path: Assets/Game/Resources/Pokemon/386-Deoxys(S).asset
  artifactKey: Guid(4e0ca4e4f8015c2459214cbde2265c89) Importer(815301076,1909f56bfc062723c751e8b465ee728b)
Start importing Assets/Game/Resources/Pokemon/386-Deoxys(S).asset using Guid(4e0ca4e4f8015c2459214cbde2265c89) Importer(815301076,1909f56bfc062723c751e8b465ee728b)  -> (artifact id: '069faef89f19e291b497794c1f5869c4') in 0.008722 seconds
Number of updated asset objects reloaded before import = 0
Number of asset objects unloaded after import = 1
========================================================================
Received Import Request.
  Time since last request: 9.409498 seconds.
  path: Assets/Game/Resources/Pokemon/386-Deoxys(A).asset
  artifactKey: Guid(74f89bef87575504fb215ef0ae356746) Importer(815301076,1909f56bfc062723c751e8b465ee728b)
Start importing Assets/Game/Resources/Pokemon/386-Deoxys(A).asset using Guid(74f89bef87575504fb215ef0ae356746) Importer(815301076,1909f56bfc062723c751e8b465ee728b)  -> (artifact id: 'c73c62c2076fead68c806eb833c13738') in 0.000856 seconds
Number of updated asset objects reloaded before import = 0
Number of asset objects unloaded after import = 1
========================================================================
Received Import Request.
  Time since last request: 9.563035 seconds.
  path: Assets/Game/Resources/Pokemon/386-Deoxys(D).asset
  artifactKey: Guid(f0b585f34f04b6446b2f28a02a946461) Importer(815301076,1909f56bfc062723c751e8b465ee728b)
Start importing Assets/Game/Resources/Pokemon/386-Deoxys(D).asset using Guid(f0b585f34f04b6446b2f28a02a946461) Importer(815301076,1909f56bfc062723c751e8b465ee728b)  -> (artifact id: '045c6074ab2d58892ded56224951bdce') in 0.000841 seconds
Number of updated asset objects reloaded before import = 0
Number of asset objects unloaded after import = 1
========================================================================
Received Import Request.
  Time since last request: 354.007332 seconds.
  path: Assets/Game/Resources/Pokemon/386-Deoxys-A.asset
  artifactKey: Guid(74f89bef87575504fb215ef0ae356746) Importer(815301076,1909f56bfc062723c751e8b465ee728b)
Start importing Assets/Game/Resources/Pokemon/386-Deoxys-A.asset using Guid(74f89bef87575504fb215ef0ae356746) Importer(815301076,1909f56bfc062723c751e8b465ee728b)  -> (artifact id: '599af95aaa6c844812236715d5594601') in 0.000878 seconds
Number of updated asset objects reloaded before import = 0
Number of asset objects unloaded after import = 1
========================================================================
Received Import Request.
  Time since last request: 272.485442 seconds.
  path: Assets/Game/Resources/Pokemon/386-Deoxys-S.asset
  artifactKey: Guid(4e0ca4e4f8015c2459214cbde2265c89) Importer(815301076,1909f56bfc062723c751e8b465ee728b)
Start importing Assets/Game/Resources/Pokemon/386-Deoxys-S.asset using Guid(4e0ca4e4f8015c2459214cbde2265c89) Importer(815301076,1909f56bfc062723c751e8b465ee728b)  -> (artifact id: '3b86070fb78258640ea0168c9b1206d6') in 0.000999 seconds
Number of updated asset objects reloaded before import = 0
Number of asset objects unloaded after import = 1
========================================================================
Received Import Request.
  Time since last request: 5.614445 seconds.
  path: Assets/Game/Resources/Pokemon/386-Deoxys-D.asset
  artifactKey: Guid(f0b585f34f04b6446b2f28a02a946461) Importer(815301076,1909f56bfc062723c751e8b465ee728b)
Start importing Assets/Game/Resources/Pokemon/386-Deoxys-D.asset using Guid(f0b585f34f04b6446b2f28a02a946461) Importer(815301076,1909f56bfc062723c751e8b465ee728b)  -> (artifact id: 'efd59c137e850bca86b975e199022e76') in 0.000915 seconds
Number of updated asset objects reloaded before import = 0
Number of asset objects unloaded after import = 1
========================================================================
Received Import Request.
  Time since last request: 6.483705 seconds.
  path: Assets/Game/Resources/Pokemon/386-Deoxys-B.asset
  artifactKey: Guid(532ea810b777ea842a6ba84ffbde1f39) Importer(815301076,1909f56bfc062723c751e8b465ee728b)
Start importing Assets/Game/Resources/Pokemon/386-Deoxys-B.asset using Guid(532ea810b777ea842a6ba84ffbde1f39) Importer(815301076,1909f56bfc062723c751e8b465ee728b)  -> (artifact id: '333da65f9fc45cc62ce85b9d1d3654db') in 0.001002 seconds
Number of updated asset objects reloaded before import = 0
Number of asset objects unloaded after import = 1
========================================================================
Received Import Request.
  Time since last request: 1750.992424 seconds.
  path: Assets/Game/Resources/Pokemon/248-Tyranitar.asset
  artifactKey: Guid(3c2918fe44a903e409a067b05f44c652) Importer(815301076,1909f56bfc062723c751e8b465ee728b)
Start importing Assets/Game/Resources/Pokemon/248-Tyranitar.asset using Guid(3c2918fe44a903e409a067b05f44c652) Importer(815301076,1909f56bfc062723c751e8b465ee728b)  -> (artifact id: '5c2ef98fb44b718113a8a397c2ba8541') in 0.001901 seconds
Number of updated asset objects reloaded before import = 0
Number of asset objects unloaded after import = 1
========================================================================
Received Import Request.
  Time since last request: 37.321970 seconds.
  path: Assets/Game/Resources/Pokemon/246-Larvitar.asset
  artifactKey: Guid(2a819a974154c6a4c9201ab909f552c6) Importer(815301076,1909f56bfc062723c751e8b465ee728b)
Start importing Assets/Game/Resources/Pokemon/246-Larvitar.asset using Guid(2a819a974154c6a4c9201ab909f552c6) Importer(815301076,1909f56bfc062723c751e8b465ee728b)  -> (artifact id: 'cb0a52b5218425c558876622998d373f') in 0.001639 seconds
Number of updated asset objects reloaded before import = 0
Number of asset objects unloaded after import = 1
========================================================================
Received Import Request.
  Time since last request: 34.525659 seconds.
  path: Assets/Game/Resources/Pokemon/247-Larvitar.asset
  artifactKey: Guid(2a819a974154c6a4c9201ab909f552c6) Importer(815301076,1909f56bfc062723c751e8b465ee728b)
Start importing Assets/Game/Resources/Pokemon/247-Larvitar.asset using Guid(2a819a974154c6a4c9201ab909f552c6) Importer(815301076,1909f56bfc062723c751e8b465ee728b)  -> (artifact id: 'b957b3aef1a76533cbd5fcec7f4a2cdf') in 0.001373 seconds
Number of updated asset objects reloaded before import = 0
Number of asset objects unloaded after import = 1
========================================================================
Received Import Request.
  Time since last request: 16.073597 seconds.
  path: Assets/Game/Resources/Pokemon/246-Larvitar.asset
  artifactKey: Guid(9a63940655baa064fb0d07180b6242e1) Importer(815301076,1909f56bfc062723c751e8b465ee728b)
Start importing Assets/Game/Resources/Pokemon/246-Larvitar.asset using Guid(9a63940655baa064fb0d07180b6242e1) Importer(815301076,1909f56bfc062723c751e8b465ee728b)  -> (artifact id: 'ce96a247b20052082d53705e4de38518') in 0.001376 seconds
Number of updated asset objects reloaded before import = 0
Number of asset objects unloaded after import = 1
========================================================================
Received Import Request.
  Time since last request: 16.148787 seconds.
  path: Assets/Game/Resources/Pokemon/247-Pupitar.asset
  artifactKey: Guid(2a819a974154c6a4c9201ab909f552c6) Importer(815301076,1909f56bfc062723c751e8b465ee728b)
Start importing Assets/Game/Resources/Pokemon/247-Pupitar.asset using Guid(2a819a974154c6a4c9201ab909f552c6) Importer(815301076,1909f56bfc062723c751e8b465ee728b)  -> (artifact id: 'fef2a5700686b367d158316f0107872e') in 0.001474 seconds
Number of updated asset objects reloaded before import = 0
Number of asset objects unloaded after import = 1
========================================================================
Received Import Request.
  Time since last request: 233.069495 seconds.
  path: Assets/Game/Resources/Pokemon/-Metagross.asset
  artifactKey: Guid(00ab37abd0d2e654e9a8fa0e39dcb45c) Importer(815301076,1909f56bfc062723c751e8b465ee728b)
Start importing Assets/Game/Resources/Pokemon/-Metagross.asset using Guid(00ab37abd0d2e654e9a8fa0e39dcb45c) Importer(815301076,1909f56bfc062723c751e8b465ee728b)  -> (artifact id: '9ccf05482517b347899a11bbd1a08109') in 0.001529 seconds
Number of updated asset objects reloaded before import = 0
Number of asset objects unloaded after import = 1
========================================================================
Received Import Request.
  Time since last request: 17.880762 seconds.
  path: Assets/Game/Resources/Pokemon/386-Metagross.asset
  artifactKey: Guid(00ab37abd0d2e654e9a8fa0e39dcb45c) Importer(815301076,1909f56bfc062723c751e8b465ee728b)
Start importing Assets/Game/Resources/Pokemon/386-Metagross.asset using Guid(00ab37abd0d2e654e9a8fa0e39dcb45c) Importer(815301076,1909f56bfc062723c751e8b465ee728b)  -> (artifact id: '62ff6f39730ce01c5bbbc4a755e79a3a') in 0.001518 seconds
Number of updated asset objects reloaded before import = 0
Number of asset objects unloaded after import = 1
========================================================================
Received Import Request.
  Time since last request: 7.655930 seconds.
  path: Assets/Game/Resources/Pokemon/376-Metagross.asset
  artifactKey: Guid(00ab37abd0d2e654e9a8fa0e39dcb45c) Importer(815301076,1909f56bfc062723c751e8b465ee728b)
Start importing Assets/Game/Resources/Pokemon/376-Metagross.asset using Guid(00ab37abd0d2e654e9a8fa0e39dcb45c) Importer(815301076,1909f56bfc062723c751e8b465ee728b)  -> (artifact id: 'b4d0d863b6395c2b4e5656f7de7fc3b1') in 0.001877 seconds
Number of updated asset objects reloaded before import = 0
Number of asset objects unloaded after import = 1
========================================================================
Received Import Request.
  Time since last request: 224.802728 seconds.
  path: Assets/Game/Resources/Pokemon/375-Metang.asset
  artifactKey: Guid(0548ea4debe996e4a8e33a6c58ae54c8) Importer(815301076,1909f56bfc062723c751e8b465ee728b)
Start importing Assets/Game/Resources/Pokemon/375-Metang.asset using Guid(0548ea4debe996e4a8e33a6c58ae54c8) Importer(815301076,1909f56bfc062723c751e8b465ee728b)  -> (artifact id: '2b84926fbadde2229c91dc0568b0cd72') in 0.002507 seconds
Number of updated asset objects reloaded before import = 0
Number of asset objects unloaded after import = 1
========================================================================
Received Import Request.
  Time since last request: 27.541191 seconds.
  path: Assets/Game/Resources/Pokemon/374-Beldum.asset
  artifactKey: Guid(1393f065ecc834d41a479e92d9fca149) Importer(815301076,1909f56bfc062723c751e8b465ee728b)
Start importing Assets/Game/Resources/Pokemon/374-Beldum.asset using Guid(1393f065ecc834d41a479e92d9fca149) Importer(815301076,1909f56bfc062723c751e8b465ee728b)  -> (artifact id: '4ba57e5647a39c5e5835565d9607300b') in 0.001454 seconds
Number of updated asset objects reloaded before import = 0
Number of asset objects unloaded after import = 1
========================================================================
Received Import Request.
  Time since last request: 751.975259 seconds.
  path: Assets/Game/Resources/Pokemon/373-Salamence.asset
  artifactKey: Guid(138fd320ecd1573438a7fef03883bb28) Importer(815301076,1909f56bfc062723c751e8b465ee728b)
Start importing Assets/Game/Resources/Pokemon/373-Salamence.asset using Guid(138fd320ecd1573438a7fef03883bb28) Importer(815301076,1909f56bfc062723c751e8b465ee728b)  -> (artifact id: 'cc6885a9e7791411be91d1910334b2b6') in 0.001568 seconds
Number of updated asset objects reloaded before import = 0
Number of asset objects unloaded after import = 1
========================================================================
Received Import Request.
  Time since last request: 34.870273 seconds.
  path: Assets/Game/Resources/Pokemon/372-Shelgon.asset
  artifactKey: Guid(928b0d7ca9af3fb4282e372b7fcefa85) Importer(815301076,1909f56bfc062723c751e8b465ee728b)
Start importing Assets/Game/Resources/Pokemon/372-Shelgon.asset using Guid(928b0d7ca9af3fb4282e372b7fcefa85) Importer(815301076,1909f56bfc062723c751e8b465ee728b)  -> (artifact id: '73ce6fc452207ea22ce51bf59258656a') in 0.001473 seconds
Number of updated asset objects reloaded before import = 0
Number of asset objects unloaded after import = 1
========================================================================
Received Import Request.
  Time since last request: 35.194819 seconds.
  path: Assets/Game/Resources/Pokemon/371-Bagon.asset
  artifactKey: Guid(3f2fbb4370fbdc640845571d1fed9aa6) Importer(815301076,1909f56bfc062723c751e8b465ee728b)
Start importing Assets/Game/Resources/Pokemon/371-Bagon.asset using Guid(3f2fbb4370fbdc640845571d1fed9aa6) Importer(815301076,1909f56bfc062723c751e8b465ee728b)  -> (artifact id: 'd2251e954737351c4706ecd5de5ad0a5') in 0.001384 seconds
Number of updated asset objects reloaded before import = 0
Number of asset objects unloaded after import = 1
========================================================================
Received Import Request.
  Time since last request: 2105.693874 seconds.
  path: Assets/Game/Resources/Pokemon/Keckleon.asset
  artifactKey: Guid(a7f02e15be21ef548a15d8b30941c7e6) Importer(815301076,1909f56bfc062723c751e8b465ee728b)
Start importing Assets/Game/Resources/Pokemon/Keckleon.asset using Guid(a7f02e15be21ef548a15d8b30941c7e6) Importer(815301076,1909f56bfc062723c751e8b465ee728b)  -> (artifact id: '4701c0b969d81e2d345185e8918d80cd') in 0.001403 seconds
Number of updated asset objects reloaded before import = 0
Number of asset objects unloaded after import = 1
========================================================================
Received Import Request.
  Time since last request: 28.976069 seconds.
  path: Assets/Game/Resources/Pokemon/Farfetch'd.asset
  artifactKey: Guid(62e06eb11ce3c3f489bbfc6afef42c99) Importer(815301076,1909f56bfc062723c751e8b465ee728b)
Start importing Assets/Game/Resources/Pokemon/Farfetch'd.asset using Guid(62e06eb11ce3c3f489bbfc6afef42c99) Importer(815301076,1909f56bfc062723c751e8b465ee728b)  -> (artifact id: 'b3c68c4ca490ee38aa46847f3b7a0d10') in 0.001247 seconds
Number of updated asset objects reloaded before import = 0
Number of asset objects unloaded after import = 1
========================================================================
Received Import Request.
  Time since last request: 150.173673 seconds.
  path: Assets/Game/Resources/Pokemon/234-Stantler.asset
  artifactKey: Guid(740ba1418e44ac749aaf8c1c7326ac63) Importer(815301076,1909f56bfc062723c751e8b465ee728b)
Start importing Assets/Game/Resources/Pokemon/234-Stantler.asset using Guid(740ba1418e44ac749aaf8c1c7326ac63) Importer(815301076,1909f56bfc062723c751e8b465ee728b)  -> (artifact id: '69cf1199858c950e6105b7c74b26ae62') in 0.001105 seconds
Number of updated asset objects reloaded before import = 0
Number of asset objects unloaded after import = 1
========================================================================
Received Import Request.
  Time since last request: 25.743304 seconds.
  path: Assets/Game/Resources/Pokemon/Pokemon.asset
  artifactKey: Guid(f0908308597b0a84bb92ab3228248545) Importer(815301076,1909f56bfc062723c751e8b465ee728b)
Start importing Assets/Game/Resources/Pokemon/Pokemon.asset using Guid(f0908308597b0a84bb92ab3228248545) Importer(815301076,1909f56bfc062723c751e8b465ee728b)  -> (artifact id: '8338d6c6050de92159e52a15e769c1ec') in 0.001296 seconds
Number of updated asset objects reloaded before import = 0
Number of asset objects unloaded after import = 1
========================================================================
Received Import Request.
  Time since last request: 21.094863 seconds.
  path: Assets/Game/Resources/Pokemon/129-Magikarp.asset
  artifactKey: Guid(f0908308597b0a84bb92ab3228248545) Importer(815301076,1909f56bfc062723c751e8b465ee728b)
Start importing Assets/Game/Resources/Pokemon/129-Magikarp.asset using Guid(f0908308597b0a84bb92ab3228248545) Importer(815301076,1909f56bfc062723c751e8b465ee728b)  -> (artifact id: '9fdb0458d9438ce301fcd86e0d20bb65') in 0.001056 seconds
Number of updated asset objects reloaded before import = 0
Number of asset objects unloaded after import = 1
========================================================================
Received Import Request.
  Time since last request: 206.759201 seconds.
  path: Assets/Game/Resources/Pokemon/130-Gyarados.asset
  artifactKey: Guid(d453d574c1f8a9c429a8f21711aeb6d4) Importer(815301076,1909f56bfc062723c751e8b465ee728b)
Start importing Assets/Game/Resources/Pokemon/130-Gyarados.asset using Guid(d453d574c1f8a9c429a8f21711aeb6d4) Importer(815301076,1909f56bfc062723c751e8b465ee728b)  -> (artifact id: 'ead1204777a3b5510b89b5ffd74b4d18') in 0.001238 seconds
Number of updated asset objects reloaded before import = 0
Number of asset objects unloaded after import = 1
========================================================================
Received Import Request.
  Time since last request: 213.258212 seconds.
  path: Assets/Game/Resources/Pokemon/Pidgeot.asset
  artifactKey: Guid(4d2d47d0ff595a941828b32fa7027de3) Importer(815301076,1909f56bfc062723c751e8b465ee728b)
Start importing Assets/Game/Resources/Pokemon/Pidgeot.asset using Guid(4d2d47d0ff595a941828b32fa7027de3) Importer(815301076,1909f56bfc062723c751e8b465ee728b)  -> (artifact id: '861e79469fd68becc0215ed6715bb6e0') in 0.001168 seconds
Number of updated asset objects reloaded before import = 0
Number of asset objects unloaded after import = 1
========================================================================
Received Import Request.
  Time since last request: 28.047471 seconds.
  path: Assets/Game/Resources/Pokemon/Pidgeotto.asset
  artifactKey: Guid(dea12d7baed30f142a3f10a7f2920bcf) Importer(815301076,1909f56bfc062723c751e8b465ee728b)
Start importing Assets/Game/Resources/Pokemon/Pidgeotto.asset using Guid(dea12d7baed30f142a3f10a7f2920bcf) Importer(815301076,1909f56bfc062723c751e8b465ee728b)  -> (artifact id: '01d9109ff336283871532a303715a799') in 0.001067 seconds
Number of updated asset objects reloaded before import = 0
Number of asset objects unloaded after import = 1
========================================================================
Received Import Request.
  Time since last request: 234.499982 seconds.
  path: Assets/Game/Resources/Pokemon/Pidgey.asset
  artifactKey: Guid(488b89c0eee5d2c45b1543d1c0457179) Importer(815301076,1909f56bfc062723c751e8b465ee728b)
Start importing Assets/Game/Resources/Pokemon/Pidgey.asset using Guid(488b89c0eee5d2c45b1543d1c0457179) Importer(815301076,1909f56bfc062723c751e8b465ee728b)  -> (artifact id: '3f2745a02400e8a27618572b5d073aee') in 0.001068 seconds
Number of updated asset objects reloaded before import = 0
Number of asset objects unloaded after import = 1
========================================================================
Received Import Request.
  Time since last request: 466.782694 seconds.
  path: Assets/Game/Resources/Pokemon/123-Scyther.asset
  artifactKey: Guid(6d2e82edb31d0624a8874c7448b1ff30) Importer(815301076,1909f56bfc062723c751e8b465ee728b)
Start importing Assets/Game/Resources/Pokemon/123-Scyther.asset using Guid(6d2e82edb31d0624a8874c7448b1ff30) Importer(815301076,1909f56bfc062723c751e8b465ee728b)  -> (artifact id: 'cdc33c943feefeb2690575cb9ddfdfbe') in 0.001288 seconds
Number of updated asset objects reloaded before import = 0
Number of asset objects unloaded after import = 1
========================================================================
Received Import Request.
  Time since last request: 27.855662 seconds.
  path: Assets/Game/Resources/Pokemon/Pokemon.asset
  artifactKey: Guid(148f3e2d385f91e4abee99ef3bdd9f58) Importer(815301076,1909f56bfc062723c751e8b465ee728b)
Start importing Assets/Game/Resources/Pokemon/Pokemon.asset using Guid(148f3e2d385f91e4abee99ef3bdd9f58) Importer(815301076,1909f56bfc062723c751e8b465ee728b)  -> (artifact id: 'cce33415ed0ebd9ab4045790c388fcef') in 0.001129 seconds
Number of updated asset objects reloaded before import = 0
Number of asset objects unloaded after import = 1
========================================================================
Received Import Request.
  Time since last request: 68.842545 seconds.
  path: Assets/Game/Resources/Pokemon/212-Scizor.asset
  artifactKey: Guid(148f3e2d385f91e4abee99ef3bdd9f58) Importer(815301076,1909f56bfc062723c751e8b465ee728b)
Start importing Assets/Game/Resources/Pokemon/212-Scizor.asset using Guid(148f3e2d385f91e4abee99ef3bdd9f58) Importer(815301076,1909f56bfc062723c751e8b465ee728b)  -> (artifact id: '7e879e9f25e5f9b66b1a47508130394d') in 0.000896 seconds
Number of updated asset objects reloaded before import = 0
Number of asset objects unloaded after import = 1
========================================================================
Received Import Request.
  Time since last request: 121.755715 seconds.
  path: Assets/Game/Resources/Pokemon/094-Gengar.asset
  artifactKey: Guid(60abd5136c58ce3408c889a3eff4af27) Importer(815301076,1909f56bfc062723c751e8b465ee728b)
Start importing Assets/Game/Resources/Pokemon/094-Gengar.asset using Guid(60abd5136c58ce3408c889a3eff4af27) Importer(815301076,1909f56bfc062723c751e8b465ee728b)  -> (artifact id: 'ae65bfc2a91182b68a090ceaff53a629') in 0.001149 seconds
Number of updated asset objects reloaded before import = 0
Number of asset objects unloaded after import = 1
========================================================================
Received Import Request.
  Time since last request: 163.258349 seconds.
  path: Assets/Game/Resources/Pokemon/93-Haunter.asset
  artifactKey: Guid(2e2dbfacdc067b44d976054882ee93ef) Importer(815301076,1909f56bfc062723c751e8b465ee728b)
Start importing Assets/Game/Resources/Pokemon/93-Haunter.asset using Guid(2e2dbfacdc067b44d976054882ee93ef) Importer(815301076,1909f56bfc062723c751e8b465ee728b)  -> (artifact id: '4c3c57bc4217a67dc3b1969349461b8d') in 0.000999 seconds
Number of updated asset objects reloaded before import = 0
Number of asset objects unloaded after import = 1
========================================================================
Received Import Request.
  Time since last request: 7.147337 seconds.
  path: Assets/Game/Resources/Pokemon/093-Haunter.asset
  artifactKey: Guid(2e2dbfacdc067b44d976054882ee93ef) Importer(815301076,1909f56bfc062723c751e8b465ee728b)
Start importing Assets/Game/Resources/Pokemon/093-Haunter.asset using Guid(2e2dbfacdc067b44d976054882ee93ef) Importer(815301076,1909f56bfc062723c751e8b465ee728b)  -> (artifact id: 'f0841666cef8f27b62b1f266755318e0') in 0.000973 seconds
Number of updated asset objects reloaded before import = 0
Number of asset objects unloaded after import = 1
========================================================================
Received Import Request.
  Time since last request: 113.926078 seconds.
  path: Assets/Game/Resources/Pokemon/092-Gastly.asset
  artifactKey: Guid(f6e0fcb820c24de469d2c1554ba2f187) Importer(815301076,1909f56bfc062723c751e8b465ee728b)
Start importing Assets/Game/Resources/Pokemon/092-Gastly.asset using Guid(f6e0fcb820c24de469d2c1554ba2f187) Importer(815301076,1909f56bfc062723c751e8b465ee728b)  -> (artifact id: '18dcb521b35f0d537d6018ba41e8e886') in 0.001161 seconds
Number of updated asset objects reloaded before import = 0
Number of asset objects unloaded after import = 1
========================================================================
Received Import Request.
  Time since last request: 524.545796 seconds.
  path: Assets/Game/Resources/Pokemon/Pinsir.asset
  artifactKey: Guid(24a5009a693a13c47b8dc0d6bb24296d) Importer(815301076,1909f56bfc062723c751e8b465ee728b)
Start importing Assets/Game/Resources/Pokemon/Pinsir.asset using Guid(24a5009a693a13c47b8dc0d6bb24296d) Importer(815301076,1909f56bfc062723c751e8b465ee728b)  -> (artifact id: 'bb637b9f17b447b4e63340186b935a92') in 0.001159 seconds
Number of updated asset objects reloaded before import = 0
Number of asset objects unloaded after import = 1
========================================================================
Received Import Request.
  Time since last request: 94.716439 seconds.
  path: Assets/Game/Resources/Pokemon/133-Eevee.asset
  artifactKey: Guid(346ab71bdae3e7f4f8c9fe0716f0a430) Importer(815301076,1909f56bfc062723c751e8b465ee728b)
Start importing Assets/Game/Resources/Pokemon/133-Eevee.asset using Guid(346ab71bdae3e7f4f8c9fe0716f0a430) Importer(815301076,1909f56bfc062723c751e8b465ee728b)  -> (artifact id: '599baa4ab2ef4ff2a7ece639534561b2') in 0.001163 seconds
Number of updated asset objects reloaded before import = 0
Number of asset objects unloaded after import = 1
========================================================================
Received Import Request.
  Time since last request: 36.610152 seconds.
  path: Assets/Game/Resources/Pokemon/134-Vaporon.asset
  artifactKey: Guid(f1adc7e36839bd94ca2375426cd580a3) Importer(815301076,1909f56bfc062723c751e8b465ee728b)
Start importing Assets/Game/Resources/Pokemon/134-Vaporon.asset using Guid(f1adc7e36839bd94ca2375426cd580a3) Importer(815301076,1909f56bfc062723c751e8b465ee728b)  -> (artifact id: '396d491a84c8e9d08c906111bdece55f') in 0.001040 seconds
Number of updated asset objects reloaded before import = 0
Number of asset objects unloaded after import = 1
========================================================================
Received Import Request.
  Time since last request: 35.469746 seconds.
  path: Assets/Game/Resources/Pokemon/135-Jolteon.asset
  artifactKey: Guid(abd3d7039a2c4b8448529a626d9b8157) Importer(815301076,1909f56bfc062723c751e8b465ee728b)
Start importing Assets/Game/Resources/Pokemon/135-Jolteon.asset using Guid(abd3d7039a2c4b8448529a626d9b8157) Importer(815301076,1909f56bfc062723c751e8b465ee728b)  -> (artifact id: '83767c5a7ed423c40aa1b89443bfc603') in 0.001077 seconds
Number of updated asset objects reloaded before import = 0
Number of asset objects unloaded after import = 1
========================================================================
Received Import Request.
  Time since last request: 60.584049 seconds.
  path: Assets/Game/Resources/Pokemon/136-Flareon.asset
  artifactKey: Guid(2112d01a125c5f145a5924ed272032ee) Importer(815301076,1909f56bfc062723c751e8b465ee728b)
Start importing Assets/Game/Resources/Pokemon/136-Flareon.asset using Guid(2112d01a125c5f145a5924ed272032ee) Importer(815301076,1909f56bfc062723c751e8b465ee728b)  -> (artifact id: '1634003a4a52de526e5580e0edde11a7') in 0.001045 seconds
Number of updated asset objects reloaded before import = 0
Number of asset objects unloaded after import = 1
========================================================================
Received Import Request.
  Time since last request: 31.282649 seconds.
  path: Assets/Game/Resources/Pokemon/Move.asset
  artifactKey: Guid(e4783b6cff07e8d47a62491427f5c3a6) Importer(815301076,1909f56bfc062723c751e8b465ee728b)
Start importing Assets/Game/Resources/Pokemon/Move.asset using Guid(e4783b6cff07e8d47a62491427f5c3a6) Importer(815301076,1909f56bfc062723c751e8b465ee728b)  -> (artifact id: 'bfe86e8db2fe9100f705a71de5647a0f') in 0.006917 seconds
Number of updated asset objects reloaded before import = 0
Number of asset objects unloaded after import = 1
========================================================================
Received Import Request.
  Time since last request: 22.257735 seconds.
  path: Assets/Game/Resources/Pokemon/143-Snorlax.asset
  artifactKey: Guid(b10e6c92dfbbbe349a71b76491b2e302) Importer(815301076,1909f56bfc062723c751e8b465ee728b)
Start importing Assets/Game/Resources/Pokemon/143-Snorlax.asset using Guid(b10e6c92dfbbbe349a71b76491b2e302) Importer(815301076,1909f56bfc062723c751e8b465ee728b)  -> (artifact id: '1f23800baf22221ef4b3fdb4c030e572') in 0.001162 seconds
Number of updated asset objects reloaded before import = 0
Number of asset objects unloaded after import = 1
========================================================================
Received Import Request.
  Time since last request: 107.209925 seconds.
  path: Assets/Game/Resources/Pokemon/185-Sudowoodo.asset
  artifactKey: Guid(b5ab54b9394052f4ba408f992612155f) Importer(815301076,1909f56bfc062723c751e8b465ee728b)
Start importing Assets/Game/Resources/Pokemon/185-Sudowoodo.asset using Guid(b5ab54b9394052f4ba408f992612155f) Importer(815301076,1909f56bfc062723c751e8b465ee728b)  -> (artifact id: '9b03742c1c7c97021f410b6d694e0dfc') in 0.001055 seconds
Number of updated asset objects reloaded before import = 0
Number of asset objects unloaded after import = 1
========================================================================
Received Import Request.
  Time since last request: 37.952011 seconds.
  path: Assets/Game/Resources/Pokemon/092-Gastly.asset
  artifactKey: Guid(f6e0fcb820c24de469d2c1554ba2f187) Importer(815301076,1909f56bfc062723c751e8b465ee728b)
Start importing Assets/Game/Resources/Pokemon/092-Gastly.asset using Guid(f6e0fcb820c24de469d2c1554ba2f187) Importer(815301076,1909f56bfc062723c751e8b465ee728b)  -> (artifact id: '091cd6652c3577ae57ffe29bcb8af048') in 0.000886 seconds
Number of updated asset objects reloaded before import = 0
Number of asset objects unloaded after import = 1
========================================================================
Received Import Request.
  Time since last request: 0.000009 seconds.
  path: Assets/Game/Resources/Pokemon/094-Gengar.asset
  artifactKey: Guid(60abd5136c58ce3408c889a3eff4af27) Importer(815301076,1909f56bfc062723c751e8b465ee728b)
Start importing Assets/Game/Resources/Pokemon/094-Gengar.asset using Guid(60abd5136c58ce3408c889a3eff4af27) Importer(815301076,1909f56bfc062723c751e8b465ee728b)  -> (artifact id: 'a3462427e3582488f0e73554c47a4607') in 0.000658 seconds
Number of updated asset objects reloaded before import = 0
Number of asset objects unloaded after import = 1
========================================================================
Received Import Request.
  Time since last request: 0.007882 seconds.
  path: Assets/Game/Resources/Pokemon/129-Magikarp.asset
  artifactKey: Guid(f0908308597b0a84bb92ab3228248545) Importer(815301076,1909f56bfc062723c751e8b465ee728b)
Start importing Assets/Game/Resources/Pokemon/129-Magikarp.asset using Guid(f0908308597b0a84bb92ab3228248545) Importer(815301076,1909f56bfc062723c751e8b465ee728b)  -> (artifact id: '89016a756896a6bda8e72f0d084ec74a') in 0.001040 seconds
Number of updated asset objects reloaded before import = 0
Number of asset objects unloaded after import = 1
========================================================================
Received Import Request.
  Time since last request: 0.000012 seconds.
  path: Assets/Game/Resources/Pokemon/133-Eevee.asset
  artifactKey: Guid(346ab71bdae3e7f4f8c9fe0716f0a430) Importer(815301076,1909f56bfc062723c751e8b465ee728b)
Start importing Assets/Game/Resources/Pokemon/133-Eevee.asset using Guid(346ab71bdae3e7f4f8c9fe0716f0a430) Importer(815301076,1909f56bfc062723c751e8b465ee728b)  -> (artifact id: 'e5c1e48d59df103703c7f91261405fc3') in 0.000715 seconds
Number of updated asset objects reloaded before import = 0
Number of asset objects unloaded after import = 1
========================================================================
Received Import Request.
  Time since last request: 0.005426 seconds.
  path: Assets/Game/Resources/Pokemon/134-Vaporon.asset
  artifactKey: Guid(f1adc7e36839bd94ca2375426cd580a3) Importer(815301076,1909f56bfc062723c751e8b465ee728b)
Start importing Assets/Game/Resources/Pokemon/134-Vaporon.asset using Guid(f1adc7e36839bd94ca2375426cd580a3) Importer(815301076,1909f56bfc062723c751e8b465ee728b)  -> (artifact id: '8636228bcaa662ce84a870bb0b2009a6') in 0.001170 seconds
Number of updated asset objects reloaded before import = 0
Number of asset objects unloaded after import = 1
========================================================================
Received Import Request.
  Time since last request: 0.000013 seconds.
  path: Assets/Game/Resources/Pokemon/123-Scyther.asset
  artifactKey: Guid(6d2e82edb31d0624a8874c7448b1ff30) Importer(815301076,1909f56bfc062723c751e8b465ee728b)
Start importing Assets/Game/Resources/Pokemon/123-Scyther.asset using Guid(6d2e82edb31d0624a8874c7448b1ff30) Importer(815301076,1909f56bfc062723c751e8b465ee728b)  -> (artifact id: 'e668822fb2123d2c12ec43300f3ddb22') in 0.000895 seconds
Number of updated asset objects reloaded before import = 0
Number of asset objects unloaded after import = 1
========================================================================
Received Import Request.
  Time since last request: 0.000037 seconds.
  path: Assets/Game/Resources/Pokemon/147-Dratini.asset
  artifactKey: Guid(adeb842d357e6b048a3c206c846839c5) Importer(815301076,1909f56bfc062723c751e8b465ee728b)
Start importing Assets/Game/Resources/Pokemon/147-Dratini.asset using Guid(adeb842d357e6b048a3c206c846839c5) Importer(815301076,1909f56bfc062723c751e8b465ee728b)  -> (artifact id: '79e801a17bfa6b74a6d36d50f8aeab92') in 0.001022 seconds
Number of updated asset objects reloaded before import = 0
Number of asset objects unloaded after import = 1
========================================================================
Received Import Request.
  Time since last request: 0.000075 seconds.
  path: Assets/Game/Resources/Pokemon/151-Mew.asset
  artifactKey: Guid(c52aec3e824e9944eb84d9fa7bddfaf2) Importer(815301076,1909f56bfc062723c751e8b465ee728b)
Start importing Assets/Game/Resources/Pokemon/151-Mew.asset using Guid(c52aec3e824e9944eb84d9fa7bddfaf2) Importer(815301076,1909f56bfc062723c751e8b465ee728b)  -> (artifact id: '4cd307e17af0e47b4531fa78fe856ee1') in 0.000714 seconds
Number of updated asset objects reloaded before import = 0
Number of asset objects unloaded after import = 1
========================================================================
Received Import Request.
  Time since last request: 0.000008 seconds.
  path: Assets/Game/Resources/Pokemon/136-Flareon.asset
  artifactKey: Guid(2112d01a125c5f145a5924ed272032ee) Importer(815301076,1909f56bfc062723c751e8b465ee728b)
Start importing Assets/Game/Resources/Pokemon/136-Flareon.asset using Guid(2112d01a125c5f145a5924ed272032ee) Importer(815301076,1909f56bfc062723c751e8b465ee728b)  -> (artifact id: '09cce6f25d58ed0c83215484e56ac1cb') in 0.000954 seconds
Number of updated asset objects reloaded before import = 0
Number of asset objects unloaded after import = 1
========================================================================
Received Import Request.
  Time since last request: 0.000517 seconds.
  path: Assets/Game/Resources/Pokemon/185-Sudowoodo.asset
  artifactKey: Guid(b5ab54b9394052f4ba408f992612155f) Importer(815301076,1909f56bfc062723c751e8b465ee728b)
Start importing Assets/Game/Resources/Pokemon/185-Sudowoodo.asset using Guid(b5ab54b9394052f4ba408f992612155f) Importer(815301076,1909f56bfc062723c751e8b465ee728b)  -> (artifact id: 'fab76826bf536e8dbaec08d55fbbc62b') in 0.000589 seconds
Number of updated asset objects reloaded before import = 0
Number of asset objects unloaded after import = 1
========================================================================
Received Import Request.
  Time since last request: 0.000754 seconds.
  path: Assets/Game/Resources/Pokemon/246-Larvitar.asset
  artifactKey: Guid(9a63940655baa064fb0d07180b6242e1) Importer(815301076,1909f56bfc062723c751e8b465ee728b)
Start importing Assets/Game/Resources/Pokemon/246-Larvitar.asset using Guid(9a63940655baa064fb0d07180b6242e1) Importer(815301076,1909f56bfc062723c751e8b465ee728b)  -> (artifact id: '5c9799491fe323d2481dfe7a4e67a9a2') in 0.000596 seconds
Number of updated asset objects reloaded before import = 0
Number of asset objects unloaded after import = 1
========================================================================
Received Import Request.
  Time since last request: 0.000008 seconds.
  path: Assets/Game/Resources/Pokemon/248-Tyranitar.asset
  artifactKey: Guid(3c2918fe44a903e409a067b05f44c652) Importer(815301076,1909f56bfc062723c751e8b465ee728b)
Start importing Assets/Game/Resources/Pokemon/248-Tyranitar.asset using Guid(3c2918fe44a903e409a067b05f44c652) Importer(815301076,1909f56bfc062723c751e8b465ee728b)  -> (artifact id: 'b4e1fa29de92d0692bc8190d7e224b97') in 0.000719 seconds
Number of updated asset objects reloaded before import = 0
Number of asset objects unloaded after import = 1
========================================================================
Received Import Request.
  Time since last request: 0.000008 seconds.
  path: Assets/Game/Resources/Pokemon/372-Shelgon.asset
  artifactKey: Guid(928b0d7ca9af3fb4282e372b7fcefa85) Importer(815301076,1909f56bfc062723c751e8b465ee728b)
Start importing Assets/Game/Resources/Pokemon/372-Shelgon.asset using Guid(928b0d7ca9af3fb4282e372b7fcefa85) Importer(815301076,1909f56bfc062723c751e8b465ee728b)  -> (artifact id: '0ca9cf3d2caaaa6d626d97365244b92b') in 0.000924 seconds
Number of updated asset objects reloaded before import = 0
Number of asset objects unloaded after import = 1
========================================================================
Received Import Request.
  Time since last request: 0.000007 seconds.
  path: Assets/Game/Resources/Pokemon/375-Metang.asset
  artifactKey: Guid(0548ea4debe996e4a8e33a6c58ae54c8) Importer(815301076,1909f56bfc062723c751e8b465ee728b)
Start importing Assets/Game/Resources/Pokemon/375-Metang.asset using Guid(0548ea4debe996e4a8e33a6c58ae54c8) Importer(815301076,1909f56bfc062723c751e8b465ee728b)  -> (artifact id: '44c82d265f28d7f08f3c3c4ac6412855') in 0.000720 seconds
Number of updated asset objects reloaded before import = 0
Number of asset objects unloaded after import = 1
========================================================================
Received Import Request.
  Time since last request: 0.000008 seconds.
  path: Assets/Game/Resources/Pokemon/376-Metagross.asset
  artifactKey: Guid(00ab37abd0d2e654e9a8fa0e39dcb45c) Importer(815301076,1909f56bfc062723c751e8b465ee728b)
Start importing Assets/Game/Resources/Pokemon/376-Metagross.asset using Guid(00ab37abd0d2e654e9a8fa0e39dcb45c) Importer(815301076,1909f56bfc062723c751e8b465ee728b)  -> (artifact id: 'd3405cb2416ba3f2bc4d7b122cceba4b') in 0.000763 seconds
Number of updated asset objects reloaded before import = 0
Number of asset objects unloaded after import = 1
========================================================================
Received Import Request.
  Time since last request: 0.000961 seconds.
  path: Assets/Game/Resources/Pokemon/386-Deoxys-A.asset
  artifactKey: Guid(74f89bef87575504fb215ef0ae356746) Importer(815301076,1909f56bfc062723c751e8b465ee728b)
Start importing Assets/Game/Resources/Pokemon/386-Deoxys-A.asset using Guid(74f89bef87575504fb215ef0ae356746) Importer(815301076,1909f56bfc062723c751e8b465ee728b)  -> (artifact id: 'ff5415081d9b89c0d470763e5401de5b') in 0.000720 seconds
Number of updated asset objects reloaded before import = 0
Number of asset objects unloaded after import = 1
========================================================================
Received Import Request.
  Time since last request: 0.000534 seconds.
  path: Assets/Game/Resources/Pokemon/Farfetch'd.asset
  artifactKey: Guid(62e06eb11ce3c3f489bbfc6afef42c99) Importer(815301076,1909f56bfc062723c751e8b465ee728b)
Start importing Assets/Game/Resources/Pokemon/Farfetch'd.asset using Guid(62e06eb11ce3c3f489bbfc6afef42c99) Importer(815301076,1909f56bfc062723c751e8b465ee728b)  -> (artifact id: 'ccda72d028927d4fc255051bc034b64d') in 0.000585 seconds
Number of updated asset objects reloaded before import = 0
Number of asset objects unloaded after import = 1
========================================================================
Received Import Request.
  Time since last request: 0.000052 seconds.
  path: Assets/Game/Resources/Pokemon/Pidgeot.asset
  artifactKey: Guid(4d2d47d0ff595a941828b32fa7027de3) Importer(815301076,1909f56bfc062723c751e8b465ee728b)
Start importing Assets/Game/Resources/Pokemon/Pidgeot.asset using Guid(4d2d47d0ff595a941828b32fa7027de3) Importer(815301076,1909f56bfc062723c751e8b465ee728b)  -> (artifact id: '23fcb1fe3f646591897afd72140a09b8') in 0.000545 seconds
Number of updated asset objects reloaded before import = 0
Number of asset objects unloaded after import = 1
========================================================================
Received Import Request.
  Time since last request: 0.000007 seconds.
  path: Assets/Game/Resources/Pokemon/Pidgey.asset
  artifactKey: Guid(488b89c0eee5d2c45b1543d1c0457179) Importer(815301076,1909f56bfc062723c751e8b465ee728b)
Start importing Assets/Game/Resources/Pokemon/Pidgey.asset using Guid(488b89c0eee5d2c45b1543d1c0457179) Importer(815301076,1909f56bfc062723c751e8b465ee728b)  -> (artifact id: 'e8b186593ed73235b863c5b536723437') in 0.000570 seconds
Number of updated asset objects reloaded before import = 0
Number of asset objects unloaded after import = 1
