Using pre-set license
Built from '2022.3/staging' branch; Version is '2022.3.27f1 (73effa14754f) revision 7598074'; Using compiler version '192829333'; Build Type 'Release'
OS: 'Windows 10  (10.0.19045) 64bit Core' Language: 'en' Physical Memory: 16305 MB
BatchMode: 1, IsHumanControllingUs: 0, StartBugReporterOnCrash: 0, Is64bit: 1, IsPro: 1

COMMAND LINE ARGUMENTS:
C:\Program Files\Unity\Hub\Editor\2022.3.27f1\Editor\Unity.exe
-adb2
-batchMode
-noUpm
-name
AssetImportWorker2
-projectPath
C:/Users/Cole/Documents/Unity/Roguelike/Roguelike
-logFile
Logs/AssetImportWorker2.log
-srvPort
50125
Successfully changed project path to: C:/Users/Cole/Documents/Unity/Roguelike/Roguelike
C:/Users/Cole/Documents/Unity/Roguelike/Roguelike
[UnityMemory] Configuration Parameters - Can be set up in boot.config
    "memorysetup-bucket-allocator-granularity=16"
    "memorysetup-bucket-allocator-bucket-count=8"
    "memorysetup-bucket-allocator-block-size=33554432"
    "memorysetup-bucket-allocator-block-count=8"
    "memorysetup-main-allocator-block-size=16777216"
    "memorysetup-thread-allocator-block-size=16777216"
    "memorysetup-gfx-main-allocator-block-size=16777216"
    "memorysetup-gfx-thread-allocator-block-size=16777216"
    "memorysetup-cache-allocator-block-size=4194304"
    "memorysetup-typetree-allocator-block-size=2097152"
    "memorysetup-profiler-bucket-allocator-granularity=16"
    "memorysetup-profiler-bucket-allocator-bucket-count=8"
    "memorysetup-profiler-bucket-allocator-block-size=33554432"
    "memorysetup-profiler-bucket-allocator-block-count=8"
    "memorysetup-profiler-allocator-block-size=16777216"
    "memorysetup-profiler-editor-allocator-block-size=1048576"
    "memorysetup-temp-allocator-size-main=16777216"
    "memorysetup-job-temp-allocator-block-size=2097152"
    "memorysetup-job-temp-allocator-block-size-background=1048576"
    "memorysetup-job-temp-allocator-reduction-small-platforms=262144"
    "memorysetup-allocator-temp-initial-block-size-main=262144"
    "memorysetup-allocator-temp-initial-block-size-worker=262144"
    "memorysetup-temp-allocator-size-background-worker=32768"
    "memorysetup-temp-allocator-size-job-worker=262144"
    "memorysetup-temp-allocator-size-preload-manager=33554432"
    "memorysetup-temp-allocator-size-nav-mesh-worker=65536"
    "memorysetup-temp-allocator-size-audio-worker=65536"
    "memorysetup-temp-allocator-size-cloud-worker=32768"
    "memorysetup-temp-allocator-size-gi-baking-worker=262144"
    "memorysetup-temp-allocator-size-gfx=262144"
Player connection [4704] Host "[IP] 192.168.1.74 [Port] 0 [Flags] 2 [Guid] 3181877333 [EditorId] 3181877333 [Version] 1048832 [Id] WindowsEditor(7,DESKTOP-PG0S2J2) [Debug] 1 [PackageName] WindowsEditor [ProjectName] Editor" joined multi-casting on [225.0.0.222:54997]...

Player connection [4704] Host "[IP] 192.168.1.74 [Port] 0 [Flags] 2 [Guid] 3181877333 [EditorId] 3181877333 [Version] 1048832 [Id] WindowsEditor(7,DESKTOP-PG0S2J2) [Debug] 1 [PackageName] WindowsEditor [ProjectName] Editor" joined alternative multi-casting on [225.0.0.222:34997]...

[Physics::Module] Initialized MultithreadedJobDispatcher with 11 workers.
Refreshing native plugins compatible for Editor in 16.48 ms, found 4 plugins.
Preloading 0 native plugins for Editor in 0.00 ms.
Initialize engine version: 2022.3.27f1 (73effa14754f)
[Subsystems] Discovering subsystems at path C:/Program Files/Unity/Hub/Editor/2022.3.27f1/Editor/Data/Resources/UnitySubsystems
[Subsystems] Discovering subsystems at path C:/Users/Cole/Documents/Unity/Roguelike/Roguelike/Assets
GfxDevice: creating device client; threaded=0; jobified=0
Direct3D:
    Version:  Direct3D 11.0 [level 11.1]
    Renderer: NVIDIA GeForce RTX 3070 (ID=0x2484)
    Vendor:   NVIDIA
    VRAM:     8032 MB
    Driver:   31.0.15.4601
Initialize mono
Mono path[0] = 'C:/Program Files/Unity/Hub/Editor/2022.3.27f1/Editor/Data/Managed'
Mono path[1] = 'C:/Program Files/Unity/Hub/Editor/2022.3.27f1/Editor/Data/MonoBleedingEdge/lib/mono/unityjit-win32'
Mono config path = 'C:/Program Files/Unity/Hub/Editor/2022.3.27f1/Editor/Data/MonoBleedingEdge/etc'
Using monoOptions --debugger-agent=transport=dt_socket,embedding=1,server=y,suspend=n,address=127.0.0.1:56532
Begin MonoManager ReloadAssembly
Registering precompiled unity dll's ...
Register platform support module: C:/Program Files/Unity/Hub/Editor/2022.3.27f1/Editor/Data/PlaybackEngines/WebGLSupport/UnityEditor.WebGL.Extensions.dll
Register platform support module: C:/Program Files/Unity/Hub/Editor/2022.3.27f1/Editor/Data/PlaybackEngines/WindowsStandaloneSupport/UnityEditor.WindowsStandalone.Extensions.dll
Registered in 0.010752 seconds.
- Loaded All Assemblies, in  0.420 seconds
Native extension for WindowsStandalone target not found
Native extension for WebGL target not found
Mono: successfully reloaded assembly
- Finished resetting the current domain, in  0.277 seconds
Domain Reload Profiling: 694ms
	BeginReloadAssembly (140ms)
		ExecutionOrderSort (0ms)
		DisableScriptedObjects (0ms)
		BackupInstance (0ms)
		ReleaseScriptingObjects (0ms)
		CreateAndSetChildDomain (1ms)
	RebuildCommonClasses (32ms)
	RebuildNativeTypeToScriptingClass (13ms)
	initialDomainReloadingComplete (75ms)
	LoadAllAssembliesAndSetupDomain (157ms)
		LoadAssemblies (136ms)
		RebuildTransferFunctionScriptingTraits (0ms)
		AnalyzeDomain (154ms)
			TypeCache.Refresh (153ms)
				TypeCache.ScanAssembly (139ms)
			ScanForSourceGeneratedMonoScriptInfo (0ms)
			ResolveRequiredComponents (0ms)
	FinalizeReload (277ms)
		ReleaseScriptCaches (0ms)
		RebuildScriptCaches (0ms)
		SetupLoadedEditorAssemblies (217ms)
			LogAssemblyErrors (0ms)
			InitializePlatformSupportModulesInManaged (11ms)
			SetLoadedEditorAssemblies (5ms)
			RefreshPlugins (0ms)
			BeforeProcessingInitializeOnLoad (2ms)
			ProcessInitializeOnLoadAttributes (143ms)
			ProcessInitializeOnLoadMethodAttributes (56ms)
			AfterProcessingInitializeOnLoad (0ms)
			EditorAssembliesLoaded (0ms)
		ExecutionOrderSort2 (0ms)
		AwakeInstancesAfterBackupRestoration (0ms)
========================================================================
Worker process is ready to serve import requests
Begin MonoManager ReloadAssembly
- Loaded All Assemblies, in  0.748 seconds
Refreshing native plugins compatible for Editor in 5.95 ms, found 4 plugins.
Native extension for WindowsStandalone target not found
Native extension for WebGL target not found
Package Manager log level set to [2]
[Package Manager] Server::EnsureServerProcessIsRunning -- launch failed, reason: Unity was launched with the -noUpm command-line argument
[Package Manager] UpmClient::Send -- Unable to send message (not connected to UPM process).
[Package Manager] Cannot connect to Unity Package Manager local server
Mono: successfully reloaded assembly
- Finished resetting the current domain, in  0.726 seconds
Domain Reload Profiling: 1472ms
	BeginReloadAssembly (170ms)
		ExecutionOrderSort (0ms)
		DisableScriptedObjects (5ms)
		BackupInstance (0ms)
		ReleaseScriptingObjects (0ms)
		CreateAndSetChildDomain (26ms)
	RebuildCommonClasses (33ms)
	RebuildNativeTypeToScriptingClass (11ms)
	initialDomainReloadingComplete (39ms)
	LoadAllAssembliesAndSetupDomain (492ms)
		LoadAssemblies (425ms)
		RebuildTransferFunctionScriptingTraits (0ms)
		AnalyzeDomain (171ms)
			TypeCache.Refresh (143ms)
				TypeCache.ScanAssembly (126ms)
			ScanForSourceGeneratedMonoScriptInfo (22ms)
			ResolveRequiredComponents (4ms)
	FinalizeReload (727ms)
		ReleaseScriptCaches (0ms)
		RebuildScriptCaches (0ms)
		SetupLoadedEditorAssemblies (575ms)
			LogAssemblyErrors (0ms)
			InitializePlatformSupportModulesInManaged (10ms)
			SetLoadedEditorAssemblies (3ms)
			RefreshPlugins (0ms)
			BeforeProcessingInitializeOnLoad (86ms)
			ProcessInitializeOnLoadAttributes (427ms)
			ProcessInitializeOnLoadMethodAttributes (40ms)
			AfterProcessingInitializeOnLoad (8ms)
			EditorAssembliesLoaded (0ms)
		ExecutionOrderSort2 (0ms)
		AwakeInstancesAfterBackupRestoration (7ms)
Launched and connected shader compiler UnityShaderCompiler.exe after 0.04 seconds
Refreshing native plugins compatible for Editor in 5.25 ms, found 4 plugins.
Preloading 0 native plugins for Editor in 0.00 ms.
Unloading 4044 Unused Serialized files (Serialized files now loaded: 0)
Unloading 65 unused Assets / (61.6 KB). Loaded Objects now: 4506.
Memory consumption went from 144.0 MB to 143.9 MB.
Total: 3.497800 ms (FindLiveObjects: 0.293200 ms CreateObjectMapping: 0.193300 ms MarkObjects: 2.879700 ms  DeleteObjects: 0.130700 ms)

AssetImportParameters requested are different than current active one (requested -> active):
  custom:container-demuxer-ogg: 62fdf1f143b41e24485cea50d1cbac27 -> 
  custom:video-decoder-ogg-theora: a1e56fd34408186e4bbccfd4996cb3dc -> 
  custom:framework-win-MediaFoundation: 216162199b28c13a410421893ffa2e32 -> 
  custom:CustomObjectIndexerAttribute: 9a22284fe3817be447336de3de66b15e -> 
  custom:container-demuxer-webm: 4f35f7cbe854078d1ac9338744f61a02 -> 
  custom:container-muxer-webm: aa71ff27fc2769a1b78a27578f13a17b -> 
  custom:video-decoder-webm-vp8: 9c59270c3fd7afecdb556c50c9e8de78 -> 
  custom:SearchIndexIgnoredProperties: e643bd26f0fe6173181afceb89e7c659 -> 
  custom:AudioImporter_EditorPlatform: d09bf68614088b80899f8185d706f6e7 -> 
  custom:video-encoder-webm-vp8: eb34c28f22e8b96e1ab97ce403110664 -> 
  custom:audio-decoder-ogg-vorbis: bf7c407c2cedff20999df2af8eb42d56 -> 
  custom:audio-encoder-webm-vorbis: bf7c407c2cedff20999df2af8eb42d56 -> 
========================================================================
Received Import Request.
  Time since last request: 334.908675 seconds.
  path: Assets/Game/Resources/Pokemon/Pokemon.asset
  artifactKey: Guid(eec51bb0c3a2ba34497f4aa00386b33e) Importer(815301076,1909f56bfc062723c751e8b465ee728b)
Start importing Assets/Game/Resources/Pokemon/Pokemon.asset using Guid(eec51bb0c3a2ba34497f4aa00386b33e) Importer(815301076,1909f56bfc062723c751e8b465ee728b)  -> (artifact id: '649b1499616e78228624179a588960d5') in 0.009284 seconds
Number of updated asset objects reloaded before import = 0
Number of asset objects unloaded after import = 1
========================================================================
Received Import Request.
  Time since last request: 27.134235 seconds.
  path: Assets/Game/Resources/Pokemon/149-Dragonite.asset
  artifactKey: Guid(eec51bb0c3a2ba34497f4aa00386b33e) Importer(815301076,1909f56bfc062723c751e8b465ee728b)
Start importing Assets/Game/Resources/Pokemon/149-Dragonite.asset using Guid(eec51bb0c3a2ba34497f4aa00386b33e) Importer(815301076,1909f56bfc062723c751e8b465ee728b)  -> (artifact id: 'c81f1f054f1c956780879824dff9e1fd') in 0.000883 seconds
Number of updated asset objects reloaded before import = 0
Number of asset objects unloaded after import = 1
========================================================================
Received Import Request.
  Time since last request: 91.931629 seconds.
  path: Assets/Game/Resources/Pokemon/148-Dragonair.asset
  artifactKey: Guid(04d793bf4db6fcf4d82314301f3856ef) Importer(815301076,1909f56bfc062723c751e8b465ee728b)
Start importing Assets/Game/Resources/Pokemon/148-Dragonair.asset using Guid(04d793bf4db6fcf4d82314301f3856ef) Importer(815301076,1909f56bfc062723c751e8b465ee728b)  -> (artifact id: 'e942121f53c22adc763a31ccd5d6d2a9') in 0.000877 seconds
Number of updated asset objects reloaded before import = 0
Number of asset objects unloaded after import = 1
========================================================================
Received Import Request.
  Time since last request: 27.986937 seconds.
  path: Assets/Game/Resources/Pokemon/147-Dratini.asset
  artifactKey: Guid(adeb842d357e6b048a3c206c846839c5) Importer(815301076,1909f56bfc062723c751e8b465ee728b)
Start importing Assets/Game/Resources/Pokemon/147-Dratini.asset using Guid(adeb842d357e6b048a3c206c846839c5) Importer(815301076,1909f56bfc062723c751e8b465ee728b)  -> (artifact id: 'f6a8417dc8bf68dc85f3bf03c91c7e82') in 0.000874 seconds
Number of updated asset objects reloaded before import = 0
Number of asset objects unloaded after import = 1
========================================================================
Received Import Request.
  Time since last request: 92.114268 seconds.
  path: Assets/Game/Resources/Pokemon/377-Regirock.asset
  artifactKey: Guid(8b3eaf557c0a6c347af81fafb26caf3e) Importer(815301076,1909f56bfc062723c751e8b465ee728b)
Start importing Assets/Game/Resources/Pokemon/377-Regirock.asset using Guid(8b3eaf557c0a6c347af81fafb26caf3e) Importer(815301076,1909f56bfc062723c751e8b465ee728b)  -> (artifact id: '547a1c77dfb371d77f1b882bcab1a270') in 0.000993 seconds
Number of updated asset objects reloaded before import = 0
Number of asset objects unloaded after import = 1
========================================================================
Received Import Request.
  Time since last request: 75.253211 seconds.
  path: Assets/Game/Resources/Pokemon/378-Regice.asset
  artifactKey: Guid(dd8fd2988f1ba584d92715167e5492aa) Importer(815301076,1909f56bfc062723c751e8b465ee728b)
Start importing Assets/Game/Resources/Pokemon/378-Regice.asset using Guid(dd8fd2988f1ba584d92715167e5492aa) Importer(815301076,1909f56bfc062723c751e8b465ee728b)  -> (artifact id: '3a8cdb69c71e6308528e72c30ea611f7') in 0.000841 seconds
Number of updated asset objects reloaded before import = 0
Number of asset objects unloaded after import = 1
========================================================================
Received Import Request.
  Time since last request: 19.949811 seconds.
  path: Assets/Game/Resources/Pokemon/379-Registeel.asset
  artifactKey: Guid(dc4239e7f55848c438a6c18d5e2d5b3d) Importer(815301076,1909f56bfc062723c751e8b465ee728b)
Start importing Assets/Game/Resources/Pokemon/379-Registeel.asset using Guid(dc4239e7f55848c438a6c18d5e2d5b3d) Importer(815301076,1909f56bfc062723c751e8b465ee728b)  -> (artifact id: '52f694cfe33c592dfcad9b6a4c626ef7') in 0.000856 seconds
Number of updated asset objects reloaded before import = 0
Number of asset objects unloaded after import = 1
========================================================================
Received Import Request.
  Time since last request: 1467.412905 seconds.
  path: Assets/Game/Resources/Pokemon/144-Articuno.asset
  artifactKey: Guid(4fc619032a2be774886e9cf46154ad24) Importer(815301076,1909f56bfc062723c751e8b465ee728b)
Start importing Assets/Game/Resources/Pokemon/144-Articuno.asset using Guid(4fc619032a2be774886e9cf46154ad24) Importer(815301076,1909f56bfc062723c751e8b465ee728b)  -> (artifact id: '10c708edad9ac728160cf5e161ad5f07') in 0.000946 seconds
Number of updated asset objects reloaded before import = 0
Number of asset objects unloaded after import = 1
========================================================================
Received Import Request.
  Time since last request: 29.252945 seconds.
  path: Assets/Game/Resources/Pokemon/145-Zapdos.asset
  artifactKey: Guid(ab89fb6d9cd487d4eac5f4cf84132a98) Importer(815301076,1909f56bfc062723c751e8b465ee728b)
Start importing Assets/Game/Resources/Pokemon/145-Zapdos.asset using Guid(ab89fb6d9cd487d4eac5f4cf84132a98) Importer(815301076,1909f56bfc062723c751e8b465ee728b)  -> (artifact id: '6f49e63dcbbf1fa390c94a4e66ff2d96') in 0.000810 seconds
Number of updated asset objects reloaded before import = 0
Number of asset objects unloaded after import = 1
========================================================================
Received Import Request.
  Time since last request: 15.051344 seconds.
  path: Assets/Game/Resources/Pokemon/Pokemon.asset
  artifactKey: Guid(00d11e0dfacac7947bb560f4c464c9f0) Importer(815301076,1909f56bfc062723c751e8b465ee728b)
Start importing Assets/Game/Resources/Pokemon/Pokemon.asset using Guid(00d11e0dfacac7947bb560f4c464c9f0) Importer(815301076,1909f56bfc062723c751e8b465ee728b)  -> (artifact id: 'e1f4b11a33a836195a6976775c2cb591') in 0.000873 seconds
Number of updated asset objects reloaded before import = 0
Number of asset objects unloaded after import = 1
========================================================================
Received Import Request.
  Time since last request: 38.536241 seconds.
  path: Assets/Game/Resources/Pokemon/146-Moltres.asset
  artifactKey: Guid(00d11e0dfacac7947bb560f4c464c9f0) Importer(815301076,1909f56bfc062723c751e8b465ee728b)
Start importing Assets/Game/Resources/Pokemon/146-Moltres.asset using Guid(00d11e0dfacac7947bb560f4c464c9f0) Importer(815301076,1909f56bfc062723c751e8b465ee728b)  -> (artifact id: '6182e9705a98674a376fcab15b4b3386') in 0.000820 seconds
Number of updated asset objects reloaded before import = 0
Number of asset objects unloaded after import = 1
========================================================================
Received Import Request.
  Time since last request: 1248.352523 seconds.
  path: Assets/Game/Resources/Pokemon/380-Latias.asset
  artifactKey: Guid(00e3aeca810737841896b164ab3e96c2) Importer(815301076,1909f56bfc062723c751e8b465ee728b)
Start importing Assets/Game/Resources/Pokemon/380-Latias.asset using Guid(00e3aeca810737841896b164ab3e96c2) Importer(815301076,1909f56bfc062723c751e8b465ee728b)  -> (artifact id: '322f5b6a150e9a0b3078043f2f6dc6bc') in 0.001154 seconds
Number of updated asset objects reloaded before import = 0
Number of asset objects unloaded after import = 1
========================================================================
Received Import Request.
  Time since last request: 36.504436 seconds.
  path: Assets/Game/Resources/Pokemon/381-Latios.asset
  artifactKey: Guid(38eebb82b2bbdd34f88731be9a7ddefc) Importer(815301076,1909f56bfc062723c751e8b465ee728b)
Start importing Assets/Game/Resources/Pokemon/381-Latios.asset using Guid(38eebb82b2bbdd34f88731be9a7ddefc) Importer(815301076,1909f56bfc062723c751e8b465ee728b)  -> (artifact id: '832fd8b86b8c0b15aa956ebba839f707') in 0.000874 seconds
Number of updated asset objects reloaded before import = 0
Number of asset objects unloaded after import = 1
========================================================================
Received Import Request.
  Time since last request: 285.899123 seconds.
  path: Assets/Game/Resources/Pokemon/386-Deoxys(B).asset
  artifactKey: Guid(532ea810b777ea842a6ba84ffbde1f39) Importer(815301076,1909f56bfc062723c751e8b465ee728b)
Start importing Assets/Game/Resources/Pokemon/386-Deoxys(B).asset using Guid(532ea810b777ea842a6ba84ffbde1f39) Importer(815301076,1909f56bfc062723c751e8b465ee728b)  -> (artifact id: 'f763ac3a4bf76c307d747a2e156bb463') in 0.001006 seconds
Number of updated asset objects reloaded before import = 0
Number of asset objects unloaded after import = 1
========================================================================
Received Import Request.
  Time since last request: 7.002891 seconds.
  path: Assets/Game/Resources/Pokemon/144-Articuno.asset
  artifactKey: Guid(4fc619032a2be774886e9cf46154ad24) Importer(815301076,1909f56bfc062723c751e8b465ee728b)
Start importing Assets/Game/Resources/Pokemon/144-Articuno.asset using Guid(4fc619032a2be774886e9cf46154ad24) Importer(815301076,1909f56bfc062723c751e8b465ee728b)  -> (artifact id: '5b06a8b49adfaddb89f0c52cd77c792e') in 0.000929 seconds
Number of updated asset objects reloaded before import = 0
Number of asset objects unloaded after import = 1
========================================================================
Received Import Request.
  Time since last request: 0.007823 seconds.
  path: Assets/Game/Resources/Pokemon/147-Dratini.asset
  artifactKey: Guid(adeb842d357e6b048a3c206c846839c5) Importer(815301076,1909f56bfc062723c751e8b465ee728b)
Start importing Assets/Game/Resources/Pokemon/147-Dratini.asset using Guid(adeb842d357e6b048a3c206c846839c5) Importer(815301076,1909f56bfc062723c751e8b465ee728b)  -> (artifact id: '7bb717ba3a58fddbafeae4638307fb27') in 0.001065 seconds
Number of updated asset objects reloaded before import = 0
Number of asset objects unloaded after import = 1
========================================================================
Received Import Request.
  Time since last request: 0.000012 seconds.
  path: Assets/Game/Resources/Pokemon/148-Dragonair.asset
  artifactKey: Guid(04d793bf4db6fcf4d82314301f3856ef) Importer(815301076,1909f56bfc062723c751e8b465ee728b)
Start importing Assets/Game/Resources/Pokemon/148-Dragonair.asset using Guid(04d793bf4db6fcf4d82314301f3856ef) Importer(815301076,1909f56bfc062723c751e8b465ee728b)  -> (artifact id: '97c1aabe75bf9c0c0cd168e401e37cc0') in 0.000691 seconds
Number of updated asset objects reloaded before import = 0
Number of asset objects unloaded after import = 1
========================================================================
Received Import Request.
  Time since last request: 0.004115 seconds.
  path: Assets/Game/Resources/Pokemon/377-Regirock.asset
  artifactKey: Guid(8b3eaf557c0a6c347af81fafb26caf3e) Importer(815301076,1909f56bfc062723c751e8b465ee728b)
Start importing Assets/Game/Resources/Pokemon/377-Regirock.asset using Guid(8b3eaf557c0a6c347af81fafb26caf3e) Importer(815301076,1909f56bfc062723c751e8b465ee728b)  -> (artifact id: 'bf2c0aea9e96438465ac458826fef078') in 0.000687 seconds
Number of updated asset objects reloaded before import = 0
Number of asset objects unloaded after import = 1
========================================================================
Received Import Request.
  Time since last request: 0.000010 seconds.
  path: Assets/Game/Resources/Pokemon/379-Registeel.asset
  artifactKey: Guid(dc4239e7f55848c438a6c18d5e2d5b3d) Importer(815301076,1909f56bfc062723c751e8b465ee728b)
Start importing Assets/Game/Resources/Pokemon/379-Registeel.asset using Guid(dc4239e7f55848c438a6c18d5e2d5b3d) Importer(815301076,1909f56bfc062723c751e8b465ee728b)  -> (artifact id: '7421a4658218932fef13fbdbaf5ce794') in 0.000604 seconds
Number of updated asset objects reloaded before import = 0
Number of asset objects unloaded after import = 1
========================================================================
Received Import Request.
  Time since last request: 0.000008 seconds.
  path: Assets/Game/Resources/Pokemon/381-Latios.asset
  artifactKey: Guid(38eebb82b2bbdd34f88731be9a7ddefc) Importer(815301076,1909f56bfc062723c751e8b465ee728b)
Start importing Assets/Game/Resources/Pokemon/381-Latios.asset using Guid(38eebb82b2bbdd34f88731be9a7ddefc) Importer(815301076,1909f56bfc062723c751e8b465ee728b)  -> (artifact id: 'ad89ccbd9796f45a6fc90681a3b86397') in 0.000893 seconds
Number of updated asset objects reloaded before import = 0
Number of asset objects unloaded after import = 1
========================================================================
Received Import Request.
  Time since last request: 0.000029 seconds.
  path: Assets/Game/Resources/Pokemon/386-Deoxys(B) 1.asset
  artifactKey: Guid(4e0ca4e4f8015c2459214cbde2265c89) Importer(815301076,1909f56bfc062723c751e8b465ee728b)
Start importing Assets/Game/Resources/Pokemon/386-Deoxys(B) 1.asset using Guid(4e0ca4e4f8015c2459214cbde2265c89) Importer(815301076,1909f56bfc062723c751e8b465ee728b)  -> (artifact id: 'bc14f7ad2e1d5b04ccb11bef536ec368') in 0.000610 seconds
Number of updated asset objects reloaded before import = 0
Number of asset objects unloaded after import = 1
========================================================================
Received Import Request.
  Time since last request: 0.483188 seconds.
  path: Assets/Game/Resources/Pokemon/386-Deoxys(B) 2.asset
  artifactKey: Guid(74f89bef87575504fb215ef0ae356746) Importer(815301076,1909f56bfc062723c751e8b465ee728b)
Start importing Assets/Game/Resources/Pokemon/386-Deoxys(B) 2.asset using Guid(74f89bef87575504fb215ef0ae356746) Importer(815301076,1909f56bfc062723c751e8b465ee728b)  -> (artifact id: 'e2aa7b6325dcbfa4139b8514f0ff42a1') in 0.000930 seconds
Number of updated asset objects reloaded before import = 0
Number of asset objects unloaded after import = 1
========================================================================
Received Import Request.
  Time since last request: 1.041997 seconds.
  path: Assets/Game/Resources/Pokemon/386-Deoxys(B) 3.asset
  artifactKey: Guid(f0b585f34f04b6446b2f28a02a946461) Importer(815301076,1909f56bfc062723c751e8b465ee728b)
Start importing Assets/Game/Resources/Pokemon/386-Deoxys(B) 3.asset using Guid(f0b585f34f04b6446b2f28a02a946461) Importer(815301076,1909f56bfc062723c751e8b465ee728b)  -> (artifact id: 'e4fe376dd96d1f6f901f2f884cbab6e5') in 0.000819 seconds
Number of updated asset objects reloaded before import = 0
Number of asset objects unloaded after import = 1
========================================================================
Received Import Request.
  Time since last request: 8789.603292 seconds.
  path: Assets/Game/Resources/Pokemon/093-Haunter.asset
  artifactKey: Guid(2e2dbfacdc067b44d976054882ee93ef) Importer(815301076,1909f56bfc062723c751e8b465ee728b)
Start importing Assets/Game/Resources/Pokemon/093-Haunter.asset using Guid(2e2dbfacdc067b44d976054882ee93ef) Importer(815301076,1909f56bfc062723c751e8b465ee728b)  -> (artifact id: '2d3299b4b88668e141ce4c04ae462fe6') in 0.007517 seconds
Number of updated asset objects reloaded before import = 0
Number of asset objects unloaded after import = 1
========================================================================
Received Import Request.
  Time since last request: 0.000099 seconds.
  path: Assets/Game/Resources/Pokemon/130-Gyarados.asset
  artifactKey: Guid(d453d574c1f8a9c429a8f21711aeb6d4) Importer(815301076,1909f56bfc062723c751e8b465ee728b)
Start importing Assets/Game/Resources/Pokemon/130-Gyarados.asset using Guid(d453d574c1f8a9c429a8f21711aeb6d4) Importer(815301076,1909f56bfc062723c751e8b465ee728b)  -> (artifact id: '7f5b6d8f8d131a6271df0d96f3dc2e36') in 0.001231 seconds
Number of updated asset objects reloaded before import = 0
Number of asset objects unloaded after import = 1
========================================================================
Received Import Request.
  Time since last request: 0.005241 seconds.
  path: Assets/Game/Resources/Pokemon/143-Snorlax.asset
  artifactKey: Guid(b10e6c92dfbbbe349a71b76491b2e302) Importer(815301076,1909f56bfc062723c751e8b465ee728b)
Start importing Assets/Game/Resources/Pokemon/143-Snorlax.asset using Guid(b10e6c92dfbbbe349a71b76491b2e302) Importer(815301076,1909f56bfc062723c751e8b465ee728b)  -> (artifact id: '79086f403ba562d6bd46b3efc2ed64b0') in 0.001353 seconds
Number of updated asset objects reloaded before import = 0
Number of asset objects unloaded after import = 1
========================================================================
Received Import Request.
  Time since last request: 0.000010 seconds.
  path: Assets/Game/Resources/Pokemon/135-Jolteon.asset
  artifactKey: Guid(abd3d7039a2c4b8448529a626d9b8157) Importer(815301076,1909f56bfc062723c751e8b465ee728b)
Start importing Assets/Game/Resources/Pokemon/135-Jolteon.asset using Guid(abd3d7039a2c4b8448529a626d9b8157) Importer(815301076,1909f56bfc062723c751e8b465ee728b)  -> (artifact id: '008fcb109246b81b5050201b73b132d0') in 0.001295 seconds
Number of updated asset objects reloaded before import = 0
Number of asset objects unloaded after import = 1
========================================================================
Received Import Request.
  Time since last request: 0.000008 seconds.
  path: Assets/Game/Resources/Pokemon/149-Dragonite.asset
  artifactKey: Guid(eec51bb0c3a2ba34497f4aa00386b33e) Importer(815301076,1909f56bfc062723c751e8b465ee728b)
Start importing Assets/Game/Resources/Pokemon/149-Dragonite.asset using Guid(eec51bb0c3a2ba34497f4aa00386b33e) Importer(815301076,1909f56bfc062723c751e8b465ee728b)  -> (artifact id: '81784f2b32798aeeb901d31e7388205d') in 0.000775 seconds
Number of updated asset objects reloaded before import = 0
Number of asset objects unloaded after import = 1
========================================================================
Received Import Request.
  Time since last request: 0.000007 seconds.
  path: Assets/Game/Resources/Pokemon/150-Mewtwo.asset
  artifactKey: Guid(373e32280f3956c40a2deafad739b765) Importer(815301076,1909f56bfc062723c751e8b465ee728b)
Start importing Assets/Game/Resources/Pokemon/150-Mewtwo.asset using Guid(373e32280f3956c40a2deafad739b765) Importer(815301076,1909f56bfc062723c751e8b465ee728b)  -> (artifact id: '3691ad38c413862c618db28c7e51d5f3') in 0.000826 seconds
Number of updated asset objects reloaded before import = 0
Number of asset objects unloaded after import = 1
========================================================================
Received Import Request.
  Time since last request: 0.000008 seconds.
  path: Assets/Game/Resources/Pokemon/148-Dragonair.asset
  artifactKey: Guid(04d793bf4db6fcf4d82314301f3856ef) Importer(815301076,1909f56bfc062723c751e8b465ee728b)
Start importing Assets/Game/Resources/Pokemon/148-Dragonair.asset using Guid(04d793bf4db6fcf4d82314301f3856ef) Importer(815301076,1909f56bfc062723c751e8b465ee728b)  -> (artifact id: '8a76c856918d77be752c2af238adc192') in 0.000827 seconds
Number of updated asset objects reloaded before import = 0
Number of asset objects unloaded after import = 1
========================================================================
Received Import Request.
  Time since last request: 0.000726 seconds.
  path: Assets/Game/Resources/Pokemon/234-Stantler.asset
  artifactKey: Guid(740ba1418e44ac749aaf8c1c7326ac63) Importer(815301076,1909f56bfc062723c751e8b465ee728b)
Start importing Assets/Game/Resources/Pokemon/234-Stantler.asset using Guid(740ba1418e44ac749aaf8c1c7326ac63) Importer(815301076,1909f56bfc062723c751e8b465ee728b)  -> (artifact id: 'c89319081e0a3fe1bc3ac034df2f1500') in 0.000673 seconds
Number of updated asset objects reloaded before import = 0
Number of asset objects unloaded after import = 1
========================================================================
Received Import Request.
  Time since last request: 0.000572 seconds.
  path: Assets/Game/Resources/Pokemon/247-Pupitar.asset
  artifactKey: Guid(2a819a974154c6a4c9201ab909f552c6) Importer(815301076,1909f56bfc062723c751e8b465ee728b)
Start importing Assets/Game/Resources/Pokemon/247-Pupitar.asset using Guid(2a819a974154c6a4c9201ab909f552c6) Importer(815301076,1909f56bfc062723c751e8b465ee728b)  -> (artifact id: '6be168b1d2bbda1bf2099a9dfefbb900') in 0.000917 seconds
Number of updated asset objects reloaded before import = 0
Number of asset objects unloaded after import = 1
========================================================================
Received Import Request.
  Time since last request: 0.000007 seconds.
  path: Assets/Game/Resources/Pokemon/371-Bagon.asset
  artifactKey: Guid(3f2fbb4370fbdc640845571d1fed9aa6) Importer(815301076,1909f56bfc062723c751e8b465ee728b)
Start importing Assets/Game/Resources/Pokemon/371-Bagon.asset using Guid(3f2fbb4370fbdc640845571d1fed9aa6) Importer(815301076,1909f56bfc062723c751e8b465ee728b)  -> (artifact id: 'baa12faecdc4512d21e90cb844e94a41') in 0.000619 seconds
Number of updated asset objects reloaded before import = 0
Number of asset objects unloaded after import = 1
========================================================================
Received Import Request.
  Time since last request: 0.000007 seconds.
  path: Assets/Game/Resources/Pokemon/373-Salamence.asset
  artifactKey: Guid(138fd320ecd1573438a7fef03883bb28) Importer(815301076,1909f56bfc062723c751e8b465ee728b)
Start importing Assets/Game/Resources/Pokemon/373-Salamence.asset using Guid(138fd320ecd1573438a7fef03883bb28) Importer(815301076,1909f56bfc062723c751e8b465ee728b)  -> (artifact id: '09c6579b32f1fb1087f12cdc9a782bf6') in 0.000705 seconds
Number of updated asset objects reloaded before import = 0
Number of asset objects unloaded after import = 1
========================================================================
Received Import Request.
  Time since last request: 0.000011 seconds.
  path: Assets/Game/Resources/Pokemon/374-Beldum.asset
  artifactKey: Guid(1393f065ecc834d41a479e92d9fca149) Importer(815301076,1909f56bfc062723c751e8b465ee728b)
Start importing Assets/Game/Resources/Pokemon/374-Beldum.asset using Guid(1393f065ecc834d41a479e92d9fca149) Importer(815301076,1909f56bfc062723c751e8b465ee728b)  -> (artifact id: 'ff84ea920c28ec09a0bc8aea07957948') in 0.000801 seconds
Number of updated asset objects reloaded before import = 0
Number of asset objects unloaded after import = 1
========================================================================
Received Import Request.
  Time since last request: 0.003901 seconds.
  path: Assets/Game/Resources/Pokemon/Keckleon.asset
  artifactKey: Guid(a7f02e15be21ef548a15d8b30941c7e6) Importer(815301076,1909f56bfc062723c751e8b465ee728b)
Start importing Assets/Game/Resources/Pokemon/Keckleon.asset using Guid(a7f02e15be21ef548a15d8b30941c7e6) Importer(815301076,1909f56bfc062723c751e8b465ee728b)  -> (artifact id: '5f369c4a16ddf7b90978d772b2b32af6') in 0.000953 seconds
Number of updated asset objects reloaded before import = 0
Number of asset objects unloaded after import = 1
========================================================================
Received Import Request.
  Time since last request: 0.000014 seconds.
  path: Assets/Game/Resources/Pokemon/Pidgeotto.asset
  artifactKey: Guid(dea12d7baed30f142a3f10a7f2920bcf) Importer(815301076,1909f56bfc062723c751e8b465ee728b)
Start importing Assets/Game/Resources/Pokemon/Pidgeotto.asset using Guid(dea12d7baed30f142a3f10a7f2920bcf) Importer(815301076,1909f56bfc062723c751e8b465ee728b)  -> (artifact id: 'afd1ee5892147cf242fa831e145a91f9') in 0.000697 seconds
Number of updated asset objects reloaded before import = 0
Number of asset objects unloaded after import = 1
========================================================================
Received Import Request.
  Time since last request: 0.000008 seconds.
  path: Assets/Game/Resources/Pokemon/Pinsir.asset
  artifactKey: Guid(24a5009a693a13c47b8dc0d6bb24296d) Importer(815301076,1909f56bfc062723c751e8b465ee728b)
Start importing Assets/Game/Resources/Pokemon/Pinsir.asset using Guid(24a5009a693a13c47b8dc0d6bb24296d) Importer(815301076,1909f56bfc062723c751e8b465ee728b)  -> (artifact id: 'cefb8307f789383819933d4605f52228') in 0.000809 seconds
Number of updated asset objects reloaded before import = 0
Number of asset objects unloaded after import = 1
